\BOOKMARK [1][-]{section.1}{\376\377\225\356\230\230\133\232\116\111}{}% 1
\BOOKMARK [2][-]{subsection.1.1}{\376\377\135\362\167\345}{section.1}% 2
\BOOKMARK [2][-]{subsection.1.2}{\376\377\166\356\150\007}{section.1}% 3
\BOOKMARK [1][-]{section.2}{\376\377\145\160\143\156\226\306\122\035\153\145\122\006\147\220\123\312\230\204\131\004\164\006}{}% 4
\BOOKMARK [2][-]{subsection.2.1}{\376\377\145\160\143\156\221\315\131\015}{section.2}% 5
\BOOKMARK [2][-]{subsection.2.2}{\376\377\145\160\143\156\177\072\131\061}{section.2}% 6
\BOOKMARK [3][-]{subsubsection.2.2.1}{\376\377\000M\000o\000n\000t\000h\000l\000y\000I\000n\000c\000o\000m\000e}{subsection.2.2}% 7
\BOOKMARK [3][-]{subsubsection.2.2.2}{\376\377\000N\000u\000m\000b\000e\000r\000O\000f\000D\000e\000p\000e\000n\000d\000e\000n\000t\000s}{subsection.2.2}% 8
\BOOKMARK [2][-]{subsection.2.3}{\376\377\145\160\143\156\166\204\137\002\136\070\120\074\131\004\164\006}{section.2}% 9
\BOOKMARK [3][-]{subsubsection.2.3.1}{\376\377\000R\000e\000v\000o\000l\000v\000i\000n\000g\000U\000t\000i\000l\000i\000z\000a\000t\000i\000o\000n\000O\000f\000U\000n\000s\000e\000c\000u\000r\000e\000d\000L\000i\000n\000e\000s\116\345\123\312\000D\000e\000b\000t\000R\000a\000t\000i\000o}{subsection.2.3}% 10
\BOOKMARK [3][-]{subsubsection.2.3.2}{\376\377\000A\000g\000e}{subsection.2.3}% 11
\BOOKMARK [3][-]{subsubsection.2.3.3}{\376\377\000N\000u\000m\000b\000e\000r\000O\000f\000T\000i\000m\000e\000.\000.\000.}{subsection.2.3}% 12
\BOOKMARK [3][-]{subsubsection.2.3.4}{\376\377\000N\000u\000m\000b\000e\000r\000R\000e\000a\000l\000E\000s\000t\000a\000t\000e\000L\000o\000a\000n\000s\000O\000r\000L\000i\000n\000e\000s\000,\000N\000u\000m\000b\000e\000r\000O\000f\000D\000e\000p\000e\000n\000d\000e\000n\000t\000s}{subsection.2.3}% 13
\BOOKMARK [3][-]{subsubsection.2.3.5}{\376\377\000M\000o\000n\000t\000h\000l\000y\000I\000n\000c\000o\000m\000e}{subsection.2.3}% 14
\BOOKMARK [2][-]{subsection.2.4}{\376\377\145\160\143\156\226\306\122\006\147\220}{section.2}% 15
\BOOKMARK [3][-]{subsubsection.2.4.1}{\376\377\220\350\122\006\134\136\140\047\166\204\122\006\136\003\162\171\137\201}{subsection.2.4}% 16
\BOOKMARK [3][-]{subsubsection.2.4.2}{\376\377\134\136\140\047\225\364\166\204\200\124\174\373\116\016\162\171\137\201}{subsection.2.4}% 17
\BOOKMARK [2][-]{subsection.2.5}{\376\377\121\167\117\123\133\236\163\260}{section.2}% 18
\BOOKMARK [3][-]{subsubsection.2.5.1}{\376\377\121\306\131\007\135\345\117\134}{subsection.2.5}% 19
\BOOKMARK [3][-]{subsubsection.2.5.2}{\376\377\213\255\176\303\142\337\124\010}{subsection.2.5}% 20
\BOOKMARK [2][-]{subsection.2.6}{\376\377\123\357\211\306\123\026\176\323\147\234}{section.2}% 21
\BOOKMARK [1][-]{section.3}{\376\377\217\333\210\114\213\304\117\060\116\016\230\204\155\113}{}% 22
\BOOKMARK [1][-]{section.4}{\376\377\176\323\213\272}{}% 23
\BOOKMARK [1][-]{section.5}{\376\377\116\000\116\233\225\356\230\230\116\016\213\250\213\272}{}% 24
\BOOKMARK [1][-]{section.6}{\376\377\122\006\135\345}{}% 25
